✓ Lockfile passes supply-chain policies (verified 1m ago)
Lockfile is up to date, resolution step is skipped
Already up to date

Done in 996ms using pnpm v11.8.0
$ vite
[2m2:20:48 pm[22m [36m[1m[vite][22m[39m [90m[2m(client)[22m[39m Re-optimizing dependencies because lockfile has changed

  [32m[1mVITE[22m v6.4.3[39m  [2mready in [0m[1m672[22m[2m[0m ms[22m

  [32m➜[39m  [1mLocal[22m:   [36mhttp://localhost:[1m3000[22m/[39m
[2m  [32m➜[39m  [1mNetwork[22m[2m: use [22m[1m--host[22m[2m to expose[22m
[2m[32m  ➜[39m[22m[2m  press [22m[1mh + enter[22m[2m to show help[22m
[2m2:27:15 pm[22m [36m[1m[vite][22m[39m [90m[2m(client)[22m[39m [32mhmr update [39m[2m/src/pages/WorkspaceDetail.jsx[22m
[2m2:28:40 pm[22m [31m[1m[vite][22m[39m [31mhttp proxy error: /api/v1/workspaces/0eb4f473-66a7-45a7-a30c-7f217df4e8a7[39m
Error: read ECONNRESET
    at TCP.onStreamRead (node:internal/stream_base_commons:216:20)
[2m2:28:40 pm[22m [31m[1m[vite][22m[39m [31mhttp proxy error: /api/v1/workspaces/0eb4f473-66a7-45a7-a30c-7f217df4e8a7[39m
Error: read ECONNRESET
    at TCP.onStreamRead (node:internal/stream_base_commons:216:20)
[2m2:28:40 pm[22m [31m[1m[vite][22m[39m [31mhttp proxy error: /api/v1/workspaces[39m
Error: read ECONNRESET
    at TCP.onStreamRead (node:internal/stream_base_commons:216:20)
[2m2:28:40 pm[22m [31m[1m[vite][22m[39m [31mhttp proxy error: /api/v1/workspaces[39m
Error: read ECONNRESET
    at TCP.onStreamRead (node:internal/stream_base_commons:216:20)
[2m2:31:30 pm[22m [36m[1m[vite][22m[39m [90m[2m(client)[22m[39m [32mhmr update [39m[2m/src/pages/Research.jsx[22m
[2m2:32:01 pm[22m [36m[1m[vite][22m[39m [90m[2m(client)[22m[39m [32mhmr update [39m[2m/src/pages/WorkspaceDetail.jsx[22m
[2m2:32:09 pm[22m [36m[1m[vite][22m[39m [90m[2m(client)[22m[39m [32mhmr update [39m[2m/src/pages/WorkspaceDetail.jsx[22m
